<?xml version="1.0" encoding="UTF-8"?>
<!-- Generated by org.testng.reporters.JUnitReportReporter -->
<testsuite hostname="DESKTOP-1H4CNVS" failures="0" tests="2" name="testNgPackage.TestNgInstagrams" time="7.627" errors="0" timestamp="2023-02-14T16:46:07 IST" skipped="1">
  <testcase classname="testNgPackage.TestNgInstagrams" name="verifyCookiesPolicyLink" time="7.627"/>
  <system-out/>
  <testcase classname="testNgPackage.TestNgInstagrams" name="verifyPrivacyPolicyLink">
    <skipped/>
  </testcase> <!-- verifyPrivacyPolicyLink -->
  <system-out/>
</testsuite> <!-- testNgPackage.TestNgInstagrams -->
