<?xml version="1.0" encoding="UTF-8"?>
<!-- Generated by org.testng.reporters.JUnitReportReporter -->
<testsuite hostname="DESKTOP-1H4CNVS" failures="0" tests="1" name="testNgPackage.TestNgClass2" time="1.862" errors="0" timestamp="2023-02-15T15:29:44 IST" skipped="0">
  <testcase classname="testNgPackage.TestNgClass2" name="loginPageofFacebook" time="1.862"/>
  <system-out/>
</testsuite> <!-- testNgPackage.TestNgClass2 -->
