<?xml version="1.0" encoding="UTF-8"?>
<!-- Generated by org.testng.reporters.JUnitReportReporter -->
<testsuite hostname="DESKTOP-1H4CNVS" failures="0" tests="1" name="testNgPackage.TestNgClass" time="1.083" errors="0" timestamp="2023-02-09T11:58:31 IST" skipped="0">
  <testcase classname="testNgPackage.TestNgClass" name="verifyTermLink" time="1.083"/>
  <system-out/>
</testsuite> <!-- testNgPackage.TestNgClass -->
