<?xml version="1.0" encoding="UTF-8"?>
<!-- Generated by org.testng.reporters.JUnitReportReporter -->
<testsuite hostname="DESKTOP-1H4CNVS" failures="0" tests="5" name="testNgPackage.TestNgClass3" time="0.017" errors="0" timestamp="2023-02-15T15:21:10 IST" skipped="0">
  <testcase classname="testNgPackage.TestNgClass3" name="test2" time="0.005"/>
  <system-out/>
  <testcase classname="testNgPackage.TestNgClass3" name="test2" time="0.006"/>
  <system-out/>
  <testcase classname="testNgPackage.TestNgClass3" name="text3" time="0.002"/>
  <system-out/>
  <testcase classname="testNgPackage.TestNgClass3" name="test1" time="0.001"/>
  <system-out/>
  <testcase classname="testNgPackage.TestNgClass3" name="test" time="0.003"/>
  <system-out/>
</testsuite> <!-- testNgPackage.TestNgClass3 -->
